<?xml version="1.0" encoding="UTF-8"?>
<!-- Generated by org.testng.reporters.JUnitReportReporter -->
<testsuite hostname="DESKTOP-T87N213" failures="0" tests="1" name="cucumberOptions.TestNGTestRunner" time="39.396" errors="0" timestamp="2023-12-22T19:15:50 EST" skipped="0">
  <testcase classname="cucumberOptions.TestNGTestRunner" name="runScenario" time="39.396"/>
</testsuite> <!-- cucumberOptions.TestNGTestRunner -->
