<?xml version="1.0" encoding="UTF-8"?>
<!-- Generated by org.testng.reporters.JUnitReportReporter -->
<testsuite hostname="DESKTOP-T87N213" failures="1" tests="1" name="cucumberOptions.TestNGTestRunner" time="23.712" errors="0" timestamp="2023-12-31T09:53:05 EST" skipped="0">
  <testcase classname="cucumberOptions.TestNGTestRunner" name="runScenario" time="23.712">
    <failure message="expected [false] but found [true]" type="java.lang.AssertionError">
      <![CDATA[java.lang.AssertionError: expected [false] but found [true]
at org.testng.Assert.fail(Assert.java:111)
at org.testng.Assert.failNotEquals(Assert.java:1578)
at org.testng.Assert.assertFalse(Assert.java:79)
at org.testng.Assert.assertFalse(Assert.java:89)
at pageObjects.FlightBookingpage.flightDetailsPageDisplay(FlightBookingpage.java:123)
at stepDefinition.FlightBookingstepDefinition.all_the_flights_matching_the_search_criteria_should_be_shown(FlightBookingstepDefinition.java:70)
at âœ½.All the flights matching the Search Criteria should be shown(file:///C:/Users/USER/eclipse-workspace/SeleniumAutomation/src/test/java/features/flightBooking.feature:9)
]]>
    </failure>
  </testcase> <!-- runScenario -->
</testsuite> <!-- cucumberOptions.TestNGTestRunner -->
