<?xml version="1.0" encoding="UTF-8"?>
<!-- Generated by org.testng.reporters.JUnitReportReporter -->
<testsuite hostname="DESKTOP-T87N213" failures="1" tests="1" name="cucumberOptions.TestNGTestRunner" time="28.648" errors="0" timestamp="2024-01-03T15:00:39 EST" skipped="0">
  <testcase classname="cucumberOptions.TestNGTestRunner" name="runScenario" time="28.648">
    <failure message="I am sorry. Flight search results not shown. Retry after some time" type="java.lang.AssertionError">
      <![CDATA[java.lang.AssertionError: I am sorry. Flight search results not shown. Retry after some time
at org.testng.Assert.fail(Assert.java:111)
at pageObjects.FlightBookingpage.flightDetailsPageDisplay(FlightBookingpage.java:110)
at stepDefinition.FlightBookingstepDefinition.all_the_flights_matching_the_search_criteria_should_be_shown(FlightBookingstepDefinition.java:70)
at âœ½.All the flights matching the Search Criteria should be shown(file:///C:/Users/USER/eclipse-workspace/SeleniumAutomation/src/test/java/features/flightBooking.feature:9)
]]>
    </failure>
  </testcase> <!-- runScenario -->
</testsuite> <!-- cucumberOptions.TestNGTestRunner -->
